<?xml version="1.0" encoding="UTF-8"?>
<!-- Generated by org.testng.reporters.JUnitReportReporter -->
<testsuite hostname="LAPTOP-CH7CEVKU" failures="0" tests="1" name="tests.AddDriverTest" time="19.965" errors="0" timestamp="2025-09-26T13:45:47 IST" skipped="0">
  <testcase classname="tests.AddDriverTest" name="testAddDriver" time="19.965"/>
</testsuite> <!-- tests.AddDriverTest -->
